  fp_x64.c
  P751.c
d:\2019\算法竞赛\siake第二轮\代码\未修改接口参数p503-and-p964\siakep751\src\p751\p751_api.h(29): warning C4005: “KEX_A_PUBLICKEYBYTES”: 宏重定义
  d:\2019\算法竞赛\siake第二轮\代码\未修改接口参数p503-and-p964\siakep751\src\p751\p751_api.h(28): note: 参见“KEX_A_PUBLICKEYBYTES”的前一个定义
d:\2019\算法竞赛\siake第二轮\代码\未修改接口参数p503-and-p964\siakep751\src\p751\p751_internal.h(55): warning C4005: “SECRETKEY_A_BYTES”: 宏重定义
  d:\2019\算法竞赛\siake第二轮\代码\未修改接口参数p503-and-p964\siakep751\src\p751\p751_api.h(36): note: 参见“SECRETKEY_A_BYTES”的前一个定义
d:\2019\算法竞赛\siake第二轮\代码\未修改接口参数p503-and-p964\siakep751\src\p751\p751_internal.h(56): warning C4005: “SECRETKEY_B_BYTES”: 宏重定义
  d:\2019\算法竞赛\siake第二轮\代码\未修改接口参数p503-and-p964\siakep751\src\p751\p751_api.h(37): note: 参见“SECRETKEY_B_BYTES”的前一个定义
d:\2019\算法竞赛\siake第二轮\代码\未修改接口参数p503-and-p964\siakep751\src\sike.c(30): warning C4100: “sPrivateKeyA”: 未引用的形参
d:\2019\算法竞赛\siake第二轮\代码\未修改接口参数p503-and-p964\siakep751\src\sike.c(45): warning C4101: “tempm”: 未引用的局部变量
d:\2019\算法竞赛\siake第二轮\代码\未修改接口参数p503-and-p964\siakep751\src\sike.c(36): warning C4189: “f”: 局部变量已初始化但不引用
d:\2019\算法竞赛\siake第二轮\代码\未修改接口参数p503-and-p964\siakep751\src\sike.c(73): warning C4189: “f”: 局部变量已初始化但不引用
d:\2019\算法竞赛\siake第二轮\代码\未修改接口参数p503-and-p964\siakep751\src\sike.c(124): warning C4100: “sPrivateKeyB”: 未引用的形参
d:\2019\算法竞赛\siake第二轮\代码\未修改接口参数p503-and-p964\siakep751\src\sike.c(142): warning C4101: “tempm”: 未引用的局部变量
d:\2019\算法竞赛\siake第二轮\代码\未修改接口参数p503-and-p964\siakep751\src\sike.c(140): warning C4101: “m_2”: 未引用的局部变量
d:\2019\算法竞赛\siake第二轮\代码\未修改接口参数p503-and-p964\siakep751\src\sike.c(131): warning C4189: “f”: 局部变量已初始化但不引用
d:\2019\算法竞赛\siake第二轮\代码\未修改接口参数p503-and-p964\siakep751\src\sike.c(139): warning C4101: “m_1”: 未引用的局部变量
d:\2019\算法竞赛\siake第二轮\代码\未修改接口参数p503-and-p964\siakep751\src\sike.c(177): warning C4189: “f”: 局部变量已初始化但不引用
d:\2019\算法竞赛\siake第二轮\代码\未修改接口参数p503-and-p964\siakep751\src\sike.c(260): warning C4100: “pa_byts”: 未引用的形参
d:\2019\算法竞赛\siake第二轮\代码\未修改接口参数p503-and-p964\siakep751\src\sike.c(260): warning C4100: “sk_byts”: 未引用的形参
d:\2019\算法竞赛\siake第二轮\代码\未修改接口参数p503-and-p964\siakep751\src\sike.c(260): warning C4100: “pk_byts”: 未引用的形参
d:\2019\算法竞赛\siake第二轮\代码\未修改接口参数p503-and-p964\siakep751\src\sike.c(278): warning C4100: “sk_byts”: 未引用的形参
d:\2019\算法竞赛\siake第二轮\代码\未修改接口参数p503-and-p964\siakep751\src\sike.c(278): warning C4100: “pk_byts”: 未引用的形参
d:\2019\算法竞赛\siake第二轮\代码\未修改接口参数p503-and-p964\siakep751\src\sike.c(287): warning C4100: “pb_byts”: 未引用的形参
d:\2019\算法竞赛\siake第二轮\代码\未修改接口参数p503-and-p964\siakep751\src\sike.c(298): warning C4100: “pa_byts”: 未引用的形参
d:\2019\算法竞赛\siake第二轮\代码\未修改接口参数p503-and-p964\siakep751\src\sike.c(363): warning C4100: “ss_byts”: 未引用的形参
d:\2019\算法竞赛\siake第二轮\代码\未修改接口参数p503-and-p964\siakep751\src\sike.c(363): warning C4100: “mb_byts”: 未引用的形参
d:\2019\算法竞赛\siake第二轮\代码\未修改接口参数p503-and-p964\siakep751\src\sike.c(363): warning C4100: “pb_byts”: 未引用的形参
d:\2019\算法竞赛\siake第二轮\代码\未修改接口参数p503-and-p964\siakep751\src\sike.c(363): warning C4100: “ma_byts”: 未引用的形参
d:\2019\算法竞赛\siake第二轮\代码\未修改接口参数p503-and-p964\siakep751\src\sike.c(363): warning C4100: “pk_byts”: 未引用的形参
d:\2019\算法竞赛\siake第二轮\代码\未修改接口参数p503-and-p964\siakep751\src\sike.c(409): warning C4100: “ss_byts”: 未引用的形参
d:\2019\算法竞赛\siake第二轮\代码\未修改接口参数p503-and-p964\siakep751\src\sike.c(409): warning C4100: “ma_byts”: 未引用的形参
d:\2019\算法竞赛\siake第二轮\代码\未修改接口参数p503-and-p964\siakep751\src\sike.c(409): warning C4100: “ma”: 未引用的形参
d:\2019\算法竞赛\siake第二轮\代码\未修改接口参数p503-and-p964\siakep751\src\sike.c(409): warning C4100: “pa_byts”: 未引用的形参
d:\2019\算法竞赛\siake第二轮\代码\未修改接口参数p503-and-p964\siakep751\src\sike.c(409): warning C4100: “mb_byts”: 未引用的形参
  random.c
  fips202.c
  SIDHp751.vcxproj -> D:\2019\算法竞赛\SIAKE第二轮\代码\未修改接口参数p503-and-p964\siakep751\Visual Studio\SIDH\x64\Fast\SIDHp751\P751.lib
